\BOOKMARK [1][-]{section.1}{\376\377\000I\000n\000t\000r\000o\000d\000u\000c\000c\000i\000\363\000n}{}% 1
\BOOKMARK [2][-]{subsection.1.1}{\376\377\000C\000o\000n\000t\000e\000x\000t\000o\000\040\000d\000e\000l\000\040\000p\000r\000o\000b\000l\000e\000m\000a}{section.1}% 2
\BOOKMARK [1][-]{section.2}{\376\377\000O\000b\000j\000e\000t\000i\000v\000o\000s}{}% 3
\BOOKMARK [2][-]{subsection.2.1}{\376\377\000O\000b\000j\000e\000t\000i\000v\000o\000\040\000g\000e\000n\000e\000r\000a\000l}{section.2}% 4
\BOOKMARK [2][-]{subsection.2.2}{\376\377\000O\000b\000j\000e\000t\000i\000v\000o\000s\000\040\000e\000s\000p\000e\000c\000\355\000f\000i\000c\000o\000s}{section.2}% 5
\BOOKMARK [1][-]{section.3}{\376\377\000P\000a\000r\000t\000e\000\040\0001\000:\000\040\000M\000\351\000t\000o\000d\000o\000\040\000d\000e\000\040\000l\000a\000\040\000T\000r\000a\000n\000s\000f\000o\000r\000m\000a\000d\000a\000\040\000I\000n\000v\000e\000r\000s\000a}{}% 6
\BOOKMARK [2][-]{subsection.3.1}{\376\377\000D\000e\000f\000i\000n\000i\000c\000i\000\363\000n\000\040\000d\000e\000l\000\040\000p\000r\000o\000b\000l\000e\000m\000a}{section.3}% 7
\BOOKMARK [2][-]{subsection.3.2}{\376\377\000R\000e\000p\000r\000e\000s\000e\000n\000t\000a\000c\000i\000\363\000n\000\040\000g\000r\000\341\000f\000i\000c\000a\000\040\000d\000e\000\040\000l\000a\000\040\000f\000u\000n\000c\000i\000\363\000n\000\040\000d\000e\000\040\000d\000e\000n\000s\000i\000d\000a\000d}{section.3}% 8
\BOOKMARK [2][-]{subsection.3.3}{\376\377\000M\000o\000d\000e\000l\000o\000\040\000m\000a\000t\000e\000m\000\341\000t\000i\000c\000o\000:\000\040\000c\000\341\000l\000c\000u\000l\000o\000\040\000d\000e\000\040\000l\000a\000\040\000f\000u\000n\000c\000i\000\363\000n\000\040\000a\000c\000u\000m\000u\000l\000a\000d\000a}{section.3}% 9
\BOOKMARK [2][-]{subsection.3.4}{\376\377\000O\000b\000t\000e\000n\000c\000i\000\363\000n\000\040\000d\000e\000\040\000l\000a\000\040\000f\000u\000n\000c\000i\000\363\000n\000\040\000i\000n\000v\000e\000r\000s\000a\000\040\000F\000-\0001\000\050\000R\000\051}{section.3}% 10
\BOOKMARK [2][-]{subsection.3.5}{\376\377\000R\000e\000p\000r\000e\000s\000e\000n\000t\000a\000c\000i\000\363\000n\000\040\000g\000r\000\341\000f\000i\000c\000a\000\040\000d\000e\000\040\000l\000a\000\040\000d\000i\000s\000t\000r\000i\000b\000u\000c\000i\000\363\000n\000\040\000a\000c\000u\000m\000u\000l\000a\000d\000a}{section.3}% 11
\BOOKMARK [2][-]{subsection.3.6}{\376\377\000P\000r\000u\000e\000b\000a\000\040\000d\000e\000\040\000e\000s\000c\000r\000i\000t\000o\000r\000i\000o}{section.3}% 12
\BOOKMARK [1][-]{section.4}{\376\377\000S\000i\000m\000u\000l\000a\000c\000i\000\363\000n\000\040\000e\000n\000\040\000E\000x\000c\000e\000l\000\040\040\024\000\040\000P\000a\000r\000t\000e\000\040\0001}{}% 13
\BOOKMARK [2][-]{subsection.4.1}{\376\377\000O\000r\000g\000a\000n\000i\000z\000a\000c\000i\000\363\000n\000\040\000d\000e\000\040\000l\000a\000\040\000h\000o\000j\000a\000\040\000d\000e\000\040\000c\000\341\000l\000c\000u\000l\000o}{section.4}% 14
\BOOKMARK [2][-]{subsection.4.2}{\376\377\000F\000\363\000r\000m\000u\000l\000a\000s\000\040\000a\000d\000i\000c\000i\000o\000n\000a\000l\000e\000s\000\040\000d\000e\000\040\000a\000n\000\341\000l\000i\000s\000i\000s}{section.4}% 15
\BOOKMARK [2][-]{subsection.4.3}{\376\377\000G\000r\000\341\000f\000i\000c\000o\000\040\000e\000n\000\040\000E\000x\000c\000e\000l}{section.4}% 16
\BOOKMARK [2][-]{subsection.4.4}{\376\377\000V\000a\000l\000i\000d\000a\000c\000i\000\363\000n\000\040\000c\000o\000n\000\040\000d\000i\000s\000t\000i\000n\000t\000o\000s\000\040\000t\000a\000m\000a\000\361\000o\000s\000\040\000d\000e\000\040\000m\000u\000e\000s\000t\000r\000a}{section.4}% 17
\BOOKMARK [3][-]{subsubsection.4.4.1}{\376\377\000C\000\341\000l\000c\000u\000l\000o\000\040\000d\000e\000l\000\040\000v\000a\000l\000o\000r\000\040\000e\000s\000p\000e\000r\000a\000d\000o\000\040\000t\000e\000\363\000r\000i\000c\000o}{subsection.4.4}% 18
\BOOKMARK [1][-]{section.5}{\376\377\000R\000e\000f\000e\000r\000e\000n\000c\000i\000a\000\040\000d\000e\000l\000\040\000C\000\363\000d\000i\000g\000o\000\040\000J\000a\000v\000a\000\040\040\024\000\040\000P\000a\000r\000t\000e\000\040\0001}{}% 19
\BOOKMARK [1][-]{section.6}{\376\377\000P\000a\000r\000t\000e\000\040\0002\000:\000\040\000A\000p\000l\000i\000c\000a\000c\000i\000o\000n\000e\000s\000\040\000d\000e\000\040\000S\000i\000m\000u\000l\000a\000c\000i\000\363\000n}{}% 20
\BOOKMARK [2][-]{subsection.6.1}{\376\377\000P\000r\000o\000b\000l\000e\000m\000a\000\040\0001\000:\000\040\000M\000\341\000q\000u\000i\000n\000a\000s\000\040\000y\000\040\000M\000e\000c\000\341\000n\000i\000c\000o\000s}{section.6}% 21
\BOOKMARK [3][-]{subsubsection.6.1.1}{\376\377\000D\000e\000f\000i\000n\000i\000c\000i\000\363\000n\000\040\000d\000e\000l\000\040\000p\000r\000o\000b\000l\000e\000m\000a}{subsection.6.1}% 22
\BOOKMARK [3][-]{subsubsection.6.1.2}{\376\377\000D\000i\000s\000t\000r\000i\000b\000u\000c\000i\000o\000n\000e\000s\000\040\000d\000e\000\040\000p\000r\000o\000b\000a\000b\000i\000l\000i\000d\000a\000d}{subsection.6.1}% 23
\BOOKMARK [3][-]{subsubsection.6.1.3}{\376\377\000M\000o\000d\000e\000l\000o\000\040\000m\000a\000t\000e\000m\000\341\000t\000i\000c\000o}{subsection.6.1}% 24
\BOOKMARK [3][-]{subsubsection.6.1.4}{\376\377\000P\000r\000u\000e\000b\000a\000\040\000d\000e\000\040\000e\000s\000c\000r\000i\000t\000o\000r\000i\000o}{subsection.6.1}% 25
\BOOKMARK [3][-]{subsubsection.6.1.5}{\376\377\000C\000o\000m\000p\000a\000r\000a\000c\000i\000\363\000n\000\040\000d\000e\000\040\000e\000s\000c\000e\000n\000a\000r\000i\000o\000s}{subsection.6.1}% 26
\BOOKMARK [3][-]{subsubsection.6.1.6}{\376\377\000S\000i\000m\000u\000l\000a\000c\000i\000\363\000n\000\040\000e\000n\000\040\000E\000x\000c\000e\000l\000\040\040\024\000\040\000P\000r\000o\000b\000l\000e\000m\000a\000\040\0001}{subsection.6.1}% 27
\BOOKMARK [3][-]{subsubsection.6.1.7}{\376\377\000R\000e\000f\000e\000r\000e\000n\000c\000i\000a\000\040\000d\000e\000l\000\040\000c\000\363\000d\000i\000g\000o\000\040\000J\000a\000v\000a\000\040\040\024\000\040\000P\000r\000o\000b\000l\000e\000m\000a\000\040\0001}{subsection.6.1}% 28
\BOOKMARK [2][-]{subsection.6.2}{\376\377\000P\000r\000o\000b\000l\000e\000m\000a\000\040\0002\000:\000\040\000E\000q\000u\000i\000p\000o\000\040\000d\000e\000\040\000T\000r\000a\000b\000a\000j\000a\000d\000o\000r\000e\000s\000\040\000e\000n\000\040\000e\000l\000\040\000A\000l\000m\000a\000c\000\351\000n}{section.6}% 29
\BOOKMARK [3][-]{subsubsection.6.2.1}{\376\377\000D\000e\000f\000i\000n\000i\000c\000i\000\363\000n\000\040\000d\000e\000l\000\040\000p\000r\000o\000b\000l\000e\000m\000a}{subsection.6.2}% 30
\BOOKMARK [3][-]{subsubsection.6.2.2}{\376\377\000M\000o\000d\000e\000l\000o\000\040\000m\000a\000t\000e\000m\000\341\000t\000i\000c\000o}{subsection.6.2}% 31
\BOOKMARK [3][-]{subsubsection.6.2.3}{\376\377\000P\000r\000u\000e\000b\000a\000\040\000d\000e\000\040\000e\000s\000c\000r\000i\000t\000o\000r\000i\000o}{subsection.6.2}% 32
\BOOKMARK [3][-]{subsubsection.6.2.4}{\376\377\000R\000e\000s\000u\000l\000t\000a\000d\000o\000\040\000d\000e\000\040\000l\000a\000\040\000s\000i\000m\000u\000l\000a\000c\000i\000\363\000n}{subsection.6.2}% 33
\BOOKMARK [3][-]{subsubsection.6.2.5}{\376\377\000C\000o\000m\000p\000a\000r\000a\000c\000i\000\363\000n\000\040\000d\000e\000\040\000e\000s\000c\000e\000n\000a\000r\000i\000o\000s}{subsection.6.2}% 34
\BOOKMARK [3][-]{subsubsection.6.2.6}{\376\377\000S\000i\000m\000u\000l\000a\000c\000i\000\363\000n\000\040\000e\000n\000\040\000E\000x\000c\000e\000l\000\040\040\024\000\040\000P\000r\000o\000b\000l\000e\000m\000a\000\040\0002}{subsection.6.2}% 35
\BOOKMARK [3][-]{subsubsection.6.2.7}{\376\377\000R\000e\000f\000e\000r\000e\000n\000c\000i\000a\000\040\000d\000e\000l\000\040\000c\000\363\000d\000i\000g\000o\000\040\000J\000a\000v\000a\000\040\040\024\000\040\000P\000r\000o\000b\000l\000e\000m\000a\000\040\0002}{subsection.6.2}% 36
\BOOKMARK [1][-]{section.7}{\376\377\000V\000a\000l\000i\000d\000a\000c\000i\000\363\000n\000\040\000G\000e\000n\000e\000r\000a\000l}{}% 37
\BOOKMARK [2][-]{subsection.7.1}{\376\377\000M\000e\000t\000o\000d\000o\000l\000o\000g\000\355\000a\000\040\000d\000e\000\040\000v\000a\000l\000i\000d\000a\000c\000i\000\363\000n}{section.7}% 38
\BOOKMARK [2][-]{subsection.7.2}{\376\377\000T\000a\000b\000l\000a\000\040\000d\000e\000\040\000v\000a\000l\000i\000d\000a\000c\000i\000\363\000n\000\040\040\024\000\040\000P\000a\000r\000t\000e\000\040\0001}{section.7}% 39
\BOOKMARK [2][-]{subsection.7.3}{\376\377\000G\000r\000\341\000f\000i\000c\000o\000\040\000d\000e\000\040\000c\000o\000n\000v\000e\000r\000g\000e\000n\000c\000i\000a}{section.7}% 40
\BOOKMARK [2][-]{subsection.7.4}{\376\377\000\277\000Q\000u\000\351\000\040\000d\000e\000b\000e\000r\000\355\000a\000\040\000o\000b\000s\000e\000r\000v\000a\000r\000s\000e\000?}{section.7}% 41
\BOOKMARK [1][-]{section.8}{\376\377\000C\000o\000n\000c\000l\000u\000s\000i\000o\000n\000e\000s}{}% 42
\BOOKMARK [1][-]{Item.16}{\376\377\000R\000e\000f\000e\000r\000e\000n\000c\000i\000a\000s}{}% 43
